C:\Program Files (x86)\Microsoft Visual Studio\2019\Community\MSBuild\Microsoft\VC\v160\Microsoft.CppBuild.targets(1044,5): warning MSB8027: Two or more files with the name of mesh-utils.cpp will produce outputs to the same location. This can lead to an incorrect build result.  The files involved are ..\source\common\mesh\mesh-utils.cpp, Systems\mesh-utils.cpp.
C:\Program Files (x86)\Microsoft Visual Studio\2019\Community\MSBuild\Microsoft\VC\v160\Microsoft.CppBuild.targets(1044,5): warning MSB8027: Two or more files with the name of application.cpp will produce outputs to the same location. This can lead to an incorrect build result.  The files involved are D:\university\third year\graphics\betengan_engine\source\common\application.cpp, src\Application\Application.cpp.
  main.cpp
D:\university\third year\graphics\betengan_engine\build\src\Application\input/mouse.h(81,1): warning C4244: '+=': conversion from 'double' to 'T', possible loss of data
          with
          [
              T=float
          ]
D:\university\third year\graphics\betengan_engine\build\src\Application\input/mouse.h(82,1): warning C4244: '+=': conversion from 'double' to 'T', possible loss of data
          with
          [
              T=float
          ]
D:\university\third year\graphics\betengan_engine\build\Systems\MeshSystem.h(41,1): warning C4267: 'argument': conversion from 'size_t' to 'GLsizei', possible loss of data
D:\university\third year\graphics\betengan_engine\build\Systems\MeshSystem.h(75,1): warning C4267: 'argument': conversion from 'size_t' to 'GLsizei', possible loss of data
D:\university\third year\graphics\betengan_engine\source\../source/common/imgui-utils/utils.hpp(153,24): warning C4244: '=': conversion from 'float' to 'uint8_t', possible loss of data
D:\university\third year\graphics\betengan_engine\source\../source/common/imgui-utils/utils.hpp(154,24): warning C4244: '=': conversion from 'float' to 'uint8_t', possible loss of data
D:\university\third year\graphics\betengan_engine\source\../source/common/imgui-utils/utils.hpp(155,24): warning C4244: '=': conversion from 'float' to 'uint8_t', possible loss of data
D:\university\third year\graphics\betengan_engine\source\../source/common/imgui-utils/utils.hpp(156,24): warning C4244: '=': conversion from 'float' to 'uint8_t', possible loss of data
D:\university\third year\graphics\betengan_engine\source\../build/src/EngineApplication.h(56,25): warning C4244: '=': conversion from 'double' to 'T', possible loss of data
          with
          [
              T=float
          ]
D:\university\third year\graphics\betengan_engine\source\../build/src/EngineApplication.h(57,25): warning C4244: '=': conversion from 'double' to 'T', possible loss of data
          with
          [
              T=float
          ]
  LAMA_ENGINE.vcxproj -> D:\university\third year\graphics\betengan_engine\build\Debug\LAMA_ENGINE.exe
